<?xml version="1.0" encoding="ISO-8859-1" ?>
<!DOCTYPE html PUBLIC "-//W3C//DTD XHTML 1.0 Strict//EN"
"http://www.w3.org/TR/xhtml1/DTD/xhtml1-strict.dtd">
<html xmlns="http://www.w3.org/1999/xhtml" xml:lang="en" lang="en">
<head>
  <meta http-equiv="Content-Type" content="text/html;charset=utf-8" />
  <meta name="description" content="TestNG unit test results." />
  <link href="css/bootstrap.min.css" rel="stylesheet" />
  <link href="css/reportngClass.css" rel="stylesheet" />
  <script type="text/javascript" src="js/reportngClass.js"></script>
  <script type="text/javascript" src="js/jquery-1.4.4.min.js"></script> 
  <script type="text/javascript" src="js/jquery.tablesorter.min.js"></script>
  <script type="text/javascript" src="js/json-min.js"></script>
  <script type="text/javascript">
	$(document).ready(function(){
		$('.tablesorter').tablesorter({sortList: [[0,0]]});
	});
  </script>
</head>
<body onload="doParse(); return false;" onkeypress="collapseExpand();">
<div class="well well-large">
	<b>Test Info</>
	<table class="table">
	  <tr>
	    <th>Test Name : </th>
	    <th>
	    	<div class="tooltipCustom">
	    		<img src="images/copy.png" width="10" height="15" alt="Copy to Clipboard" onclick="copyToClipboard('#testNameId')"/>
	    		<span class="tooltiptextCustom">Copy Test name</span>
			</div>
	    </th>
	    <th id="testNameId">Listener testing</th> 
	  </tr>
	  <tr>
	    <th>Test Class : </th>
	    <th>
	    	<div class="tooltipCustom">
	    		<img src="images/copy.png" width="10" height="15" alt="Copy to Clipboard" onclick="copyToClipboard('#testClassId')"/>
	    		<span class="tooltiptextCustom">Copy full path Class name</span>
			</div>
	    	<div class="tooltipCustom">
	    		<img src="images/copy.png" width="10" height="15" alt="Copy to Clipboard" onclick="copyToClipboard('#testClassNameId')"/>
	    		<span class="tooltiptextCustom">Copy Class name</span>
			</div>
	    </th> 
	    <th id="testClassId">package_name.Login_functionality22</th>
	    <th id="testClassNameId" hidden="true">Login_functionality22</th>
	  </tr>
	  <tr>
	    <th>Suite Name : </th>
	    <th>
	    	<div class="tooltipCustom">
	    		<img src="images/copy.png" width="10" height="15" alt="Copy to Clipboard" onclick="copyToClipboard('#suiteNameId')"/>
	    		<span class="tooltiptextCustom">Copy Suite name</span>
			</div>
		</th>
	    <th id="suiteNameId">Package_name suite</th>
	  </tr>
	  <tr>
	    <th>Suite XML : </th>
	    <th>
	    	<div class="tooltipCustom">
	    		<img src="images/copy.png" width="10" height="15" alt="Copy to Clipboard" onclick="copyToClipboard('#suiteXMLId')"/>
	    		<span class="tooltiptextCustom">Copy Suite full path name</span>
			</div>
	    	<div class="tooltipCustom">
	    		<img src="images/copy.png" width="10" height="15" alt="Copy to Clipboard" onclick="copyToClipboard('#suiteXMLNameId')"/>
	    		<span class="tooltiptextCustom">Copy Suite file name</span>
			</div>
	    </th> 
	  	<th id="suiteXMLId">C:\Users\Varun Ambrale\Desktop\New_Git\Projects\Demorepo\Artifact_id_for_11thJuly\testng1.xml</th>
	  	<th id="suiteXMLNameId" hidden="true">testng1.xml</th>
	  </tr>
	  	  <tr>
	    <th>Total Time : </th>
	    <th></th>
	    <th>00:00:00</th> 
	  </tr>
	  <tr>
	    <th>Total Steps : </th>
	   	<th></th>
	    <th>2</th> 
	  </tr>
	  <tr>
	    <th>Status : </th>
	    <th></th>
	    <th><font color="red">FAIL</font></th> 
	  </tr>
	</table>
</div>
<div class="well well-large">
	<div class="row">
		<div class="col-xs-12">
	        <div class="text-right">
	            <button id="hideResults" type="button" class="btn-danger" onclick="collapseExpand(this);" onkeypress="collapseExpand(this);" class="btn pull-right" title="Click or Press Any key to collapse/expand All Failed Tests and Configuration Methods">Show Only Failures</button>
	        </div>
	    </div>
	</div>
	<table class="tablesorter" border="1">
		<thead>
		<tr>
		<th class="headerTime">Time</th>
		<th class="headerTime" width="12%">Info</th>
		<th class="headerTime" width="88%">Test</th>
		</tr>
		</thead>
		<tbody>
		
									<tr>
		<td class="time">1709050625807</td>
		<td class="header failedConfig" colspan="4" onClick="toggleElement('54f604dc-e3b4-4251-8fa9-b51747420471','block');changeSingleIcon('span-54f604dc-e3b4-4251-8fa9-b51747420471');" title="Click to expand/collapse" style="cursor: pointer;">
		<div style="float:left;"><i>Class&nbsp;:&nbsp;</i>package_name.Login_functionality22</div>
		<div style="float:right;">@AfterSuite &nbsp;&nbsp;<span id='span-54f604dc-e3b4-4251-8fa9-b51747420471' class="glyphicon glyphicon-menu-down"></span></div>
		</td>
	</tr>
			<tr>
		<td class="time">1709050625807</td>
		<td class="methodConfiguration">
				<span class="description"><b>Class: </b>class package_name.BrowserChoice</span><br>
		<span class="description"><b>Method: </b>closingBrowser</span><br>
				<span class="duration"><b>Duration: </b>0.011s</span><br>
		</td>
		<td class="resultConfiguration">
										<div class="stackTrace" id="54f604dc-e3b4-4251-8fa9-b51747420471">
								<a href="javascript:toggleElement('exception-54f604dc-e3b4-4251-8fa9-b51747420471','block')" title="Click to expand/collapse"><b>java.lang.NullPointerException: Cannot invoke &quot;org.openqa.selenium.WebDriver.close()&quot; because &quot;package_name.BrowserChoice.driver&quot; is null</b></a><br>
		    <div class="stackTrace" id="exception-54f604dc-e3b4-4251-8fa9-b51747420471">
							package_name.BrowserChoice.closingBrowser(BrowserChoice.java:34)<br>
							java.base/jdk.internal.reflect.DirectMethodHandleAccessor.invoke(DirectMethodHandleAccessor.java:104)<br>
							java.base/java.lang.reflect.Method.invoke(Method.java:578)<br>
							org.testng.internal.invokers.MethodInvocationHelper.invokeMethod(MethodInvocationHelper.java:139)<br>
							org.testng.internal.invokers.MethodInvocationHelper.invokeMethodConsideringTimeout(MethodInvocationHelper.java:69)<br>
							org.testng.internal.invokers.ConfigInvoker.invokeConfigurationMethod(ConfigInvoker.java:361)<br>
							org.testng.internal.invokers.ConfigInvoker.invokeConfigurations(ConfigInvoker.java:296)<br>
							org.testng.SuiteRunner.privateRun(SuiteRunner.java:404)<br>
							org.testng.SuiteRunner.run(SuiteRunner.java:330)<br>
							org.testng.SuiteRunnerWorker.runSuite(SuiteRunnerWorker.java:52)<br>
							org.testng.SuiteRunnerWorker.run(SuiteRunnerWorker.java:95)<br>
							org.testng.TestNG.runSuitesSequentially(TestNG.java:1256)<br>
							org.testng.TestNG.runSuitesLocally(TestNG.java:1176)<br>
							org.testng.TestNG.runSuites(TestNG.java:1099)<br>
							org.testng.TestNG.run(TestNG.java:1067)<br>
							org.testng.remote.AbstractRemoteTestNG.run(AbstractRemoteTestNG.java:115)<br>
							org.testng.remote.RemoteTestNG.initAndRun(RemoteTestNG.java:251)<br>
							org.testng.remote.RemoteTestNG.main(RemoteTestNG.java:77)<br>
									</div>
				</div>
		</td>
	</tr>
						
				
				
											<tr>
	<td class="time">1709050625623</td>
	<td class="header failed" colspan="4" onClick="toggleElement('700dccaa-bf40-41d2-8590-9c6ecf845051','block');changeSingleIcon('span-700dccaa-bf40-41d2-8590-9c6ecf845051');" title="Click to expand/collapse" style="cursor: pointer;">
	<div style="float:left;"><i>Class&nbsp;:&nbsp;</i>package_name.Login_functionality22</div>
	<div style="float:right;">@Test @ with DataProvider : ["testing"] &nbsp;&nbsp;<span id='span-700dccaa-bf40-41d2-8590-9c6ecf845051' class="glyphicon glyphicon-menu-down"></span></div>
	</td>
	</tr>
<tr>
	<td class="time">1709050625623</td>
	<td class="methodTest">
		<span class="description"><b>Method: </b>Excel</span><br>
			<span class="description"><b>Description: </b></span><br>
							<span class="duration"><b>Duration: </b>0.005s</span><br>
	</td>
	<td class="result">
					<i>Method arguments: </i><span class="arguments">"performance_glitch_user", "secret_sauce"</span><br>
				<div class="noCollapse" id="700dccaa-bf40-41d2-8590-9c6ecf845051" style="display: block;">
						<a href="javascript:toggleElement('exception-700dccaa-bf40-41d2-8590-9c6ecf845051','block')" title="Click to expand/collapse"><b>java.lang.NullPointerException: Cannot invoke &quot;org.openqa.selenium.WebDriver.get(String)&quot; because &quot;package_name.Login_functionality22.driver&quot; is null</b></a><br/>
		<div class="stackTrace" id="exception-700dccaa-bf40-41d2-8590-9c6ecf845051">
					package_name.Login_functionality22.Excel(Login_functionality22.java:15)<br/>
					java.base/jdk.internal.reflect.DirectMethodHandleAccessor.invoke(DirectMethodHandleAccessor.java:104)<br/>
					java.base/java.lang.reflect.Method.invoke(Method.java:578)<br/>
					org.testng.internal.invokers.MethodInvocationHelper.invokeMethod(MethodInvocationHelper.java:139)<br/>
					org.testng.internal.invokers.TestInvoker.invokeMethod(TestInvoker.java:677)<br/>
					org.testng.internal.invokers.TestInvoker.invokeTestMethod(TestInvoker.java:221)<br/>
					org.testng.internal.invokers.MethodRunner.runInSequence(MethodRunner.java:50)<br/>
					org.testng.internal.invokers.TestInvoker$MethodInvocationAgent.invoke(TestInvoker.java:969)<br/>
					org.testng.internal.invokers.TestInvoker.invokeTestMethods(TestInvoker.java:194)<br/>
					org.testng.internal.invokers.TestMethodWorker.invokeTestMethods(TestMethodWorker.java:148)<br/>
					org.testng.internal.invokers.TestMethodWorker.run(TestMethodWorker.java:128)<br/>
					java.base/java.util.ArrayList.forEach(ArrayList.java:1511)<br/>
					org.testng.TestRunner.privateRun(TestRunner.java:829)<br/>
					org.testng.TestRunner.run(TestRunner.java:602)<br/>
					org.testng.SuiteRunner.runTest(SuiteRunner.java:437)<br/>
					org.testng.SuiteRunner.runSequentially(SuiteRunner.java:431)<br/>
					org.testng.SuiteRunner.privateRun(SuiteRunner.java:391)<br/>
					org.testng.SuiteRunner.run(SuiteRunner.java:330)<br/>
					org.testng.SuiteRunnerWorker.runSuite(SuiteRunnerWorker.java:52)<br/>
					org.testng.SuiteRunnerWorker.run(SuiteRunnerWorker.java:95)<br/>
					org.testng.TestNG.runSuitesSequentially(TestNG.java:1256)<br/>
					org.testng.TestNG.runSuitesLocally(TestNG.java:1176)<br/>
					org.testng.TestNG.runSuites(TestNG.java:1099)<br/>
					org.testng.TestNG.run(TestNG.java:1067)<br/>
					org.testng.remote.AbstractRemoteTestNG.run(AbstractRemoteTestNG.java:115)<br/>
					org.testng.remote.RemoteTestNG.initAndRun(RemoteTestNG.java:251)<br/>
					org.testng.remote.RemoteTestNG.main(RemoteTestNG.java:77)<br/>
						</div>
		</td>
	</div>
</tr>
					<tr>
	<td class="time">1709050625610</td>
	<td class="header failed" colspan="4" onClick="toggleElement('9127084d-fea5-4570-a293-642f119285f3','block');changeSingleIcon('span-9127084d-fea5-4570-a293-642f119285f3');" title="Click to expand/collapse" style="cursor: pointer;">
	<div style="float:left;"><i>Class&nbsp;:&nbsp;</i>package_name.Login_functionality22</div>
	<div style="float:right;">@Test @ with DataProvider : ["testing"] &nbsp;&nbsp;<span id='span-9127084d-fea5-4570-a293-642f119285f3' class="glyphicon glyphicon-menu-down"></span></div>
	</td>
	</tr>
<tr>
	<td class="time">1709050625610</td>
	<td class="methodTest">
		<span class="description"><b>Method: </b>Excel</span><br>
			<span class="description"><b>Description: </b></span><br>
							<span class="duration"><b>Duration: </b>0.007s</span><br>
	</td>
	<td class="result">
					<i>Method arguments: </i><span class="arguments">"problem_user", "secret_sauce"</span><br>
				<div class="noCollapse" id="9127084d-fea5-4570-a293-642f119285f3" style="display: block;">
						<a href="javascript:toggleElement('exception-9127084d-fea5-4570-a293-642f119285f3','block')" title="Click to expand/collapse"><b>java.lang.NullPointerException: Cannot invoke &quot;org.openqa.selenium.WebDriver.get(String)&quot; because &quot;package_name.Login_functionality22.driver&quot; is null</b></a><br/>
		<div class="stackTrace" id="exception-9127084d-fea5-4570-a293-642f119285f3">
					package_name.Login_functionality22.Excel(Login_functionality22.java:15)<br/>
					java.base/jdk.internal.reflect.DirectMethodHandleAccessor.invoke(DirectMethodHandleAccessor.java:104)<br/>
					java.base/java.lang.reflect.Method.invoke(Method.java:578)<br/>
					org.testng.internal.invokers.MethodInvocationHelper.invokeMethod(MethodInvocationHelper.java:139)<br/>
					org.testng.internal.invokers.TestInvoker.invokeMethod(TestInvoker.java:677)<br/>
					org.testng.internal.invokers.TestInvoker.invokeTestMethod(TestInvoker.java:221)<br/>
					org.testng.internal.invokers.MethodRunner.runInSequence(MethodRunner.java:50)<br/>
					org.testng.internal.invokers.TestInvoker$MethodInvocationAgent.invoke(TestInvoker.java:969)<br/>
					org.testng.internal.invokers.TestInvoker.invokeTestMethods(TestInvoker.java:194)<br/>
					org.testng.internal.invokers.TestMethodWorker.invokeTestMethods(TestMethodWorker.java:148)<br/>
					org.testng.internal.invokers.TestMethodWorker.run(TestMethodWorker.java:128)<br/>
					java.base/java.util.ArrayList.forEach(ArrayList.java:1511)<br/>
					org.testng.TestRunner.privateRun(TestRunner.java:829)<br/>
					org.testng.TestRunner.run(TestRunner.java:602)<br/>
					org.testng.SuiteRunner.runTest(SuiteRunner.java:437)<br/>
					org.testng.SuiteRunner.runSequentially(SuiteRunner.java:431)<br/>
					org.testng.SuiteRunner.privateRun(SuiteRunner.java:391)<br/>
					org.testng.SuiteRunner.run(SuiteRunner.java:330)<br/>
					org.testng.SuiteRunnerWorker.runSuite(SuiteRunnerWorker.java:52)<br/>
					org.testng.SuiteRunnerWorker.run(SuiteRunnerWorker.java:95)<br/>
					org.testng.TestNG.runSuitesSequentially(TestNG.java:1256)<br/>
					org.testng.TestNG.runSuitesLocally(TestNG.java:1176)<br/>
					org.testng.TestNG.runSuites(TestNG.java:1099)<br/>
					org.testng.TestNG.run(TestNG.java:1067)<br/>
					org.testng.remote.AbstractRemoteTestNG.run(AbstractRemoteTestNG.java:115)<br/>
					org.testng.remote.RemoteTestNG.initAndRun(RemoteTestNG.java:251)<br/>
					org.testng.remote.RemoteTestNG.main(RemoteTestNG.java:77)<br/>
						</div>
		</td>
	</div>
</tr>
					<tr>
	<td class="time">1709050625569</td>
	<td class="header failed" colspan="4" onClick="toggleElement('11f03ad8-50c1-43f5-aaf2-9c4f1428666f','block');changeSingleIcon('span-11f03ad8-50c1-43f5-aaf2-9c4f1428666f');" title="Click to expand/collapse" style="cursor: pointer;">
	<div style="float:left;"><i>Class&nbsp;:&nbsp;</i>package_name.Login_functionality22</div>
	<div style="float:right;">@Test @ with DataProvider : ["testing"] &nbsp;&nbsp;<span id='span-11f03ad8-50c1-43f5-aaf2-9c4f1428666f' class="glyphicon glyphicon-menu-down"></span></div>
	</td>
	</tr>
<tr>
	<td class="time">1709050625569</td>
	<td class="methodTest">
		<span class="description"><b>Method: </b>Excel</span><br>
			<span class="description"><b>Description: </b></span><br>
							<span class="duration"><b>Duration: </b>0.015s</span><br>
	</td>
	<td class="result">
					<i>Method arguments: </i><span class="arguments">"standard_user", "secret_sauce"</span><br>
				<div class="noCollapse" id="11f03ad8-50c1-43f5-aaf2-9c4f1428666f" style="display: block;">
						<a href="javascript:toggleElement('exception-11f03ad8-50c1-43f5-aaf2-9c4f1428666f','block')" title="Click to expand/collapse"><b>java.lang.NullPointerException: Cannot invoke &quot;org.openqa.selenium.WebDriver.get(String)&quot; because &quot;package_name.Login_functionality22.driver&quot; is null</b></a><br/>
		<div class="stackTrace" id="exception-11f03ad8-50c1-43f5-aaf2-9c4f1428666f">
					package_name.Login_functionality22.Excel(Login_functionality22.java:15)<br/>
					java.base/jdk.internal.reflect.DirectMethodHandleAccessor.invoke(DirectMethodHandleAccessor.java:104)<br/>
					java.base/java.lang.reflect.Method.invoke(Method.java:578)<br/>
					org.testng.internal.invokers.MethodInvocationHelper.invokeMethod(MethodInvocationHelper.java:139)<br/>
					org.testng.internal.invokers.TestInvoker.invokeMethod(TestInvoker.java:677)<br/>
					org.testng.internal.invokers.TestInvoker.invokeTestMethod(TestInvoker.java:221)<br/>
					org.testng.internal.invokers.MethodRunner.runInSequence(MethodRunner.java:50)<br/>
					org.testng.internal.invokers.TestInvoker$MethodInvocationAgent.invoke(TestInvoker.java:969)<br/>
					org.testng.internal.invokers.TestInvoker.invokeTestMethods(TestInvoker.java:194)<br/>
					org.testng.internal.invokers.TestMethodWorker.invokeTestMethods(TestMethodWorker.java:148)<br/>
					org.testng.internal.invokers.TestMethodWorker.run(TestMethodWorker.java:128)<br/>
					java.base/java.util.ArrayList.forEach(ArrayList.java:1511)<br/>
					org.testng.TestRunner.privateRun(TestRunner.java:829)<br/>
					org.testng.TestRunner.run(TestRunner.java:602)<br/>
					org.testng.SuiteRunner.runTest(SuiteRunner.java:437)<br/>
					org.testng.SuiteRunner.runSequentially(SuiteRunner.java:431)<br/>
					org.testng.SuiteRunner.privateRun(SuiteRunner.java:391)<br/>
					org.testng.SuiteRunner.run(SuiteRunner.java:330)<br/>
					org.testng.SuiteRunnerWorker.runSuite(SuiteRunnerWorker.java:52)<br/>
					org.testng.SuiteRunnerWorker.run(SuiteRunnerWorker.java:95)<br/>
					org.testng.TestNG.runSuitesSequentially(TestNG.java:1256)<br/>
					org.testng.TestNG.runSuitesLocally(TestNG.java:1176)<br/>
					org.testng.TestNG.runSuites(TestNG.java:1099)<br/>
					org.testng.TestNG.run(TestNG.java:1067)<br/>
					org.testng.remote.AbstractRemoteTestNG.run(AbstractRemoteTestNG.java:115)<br/>
					org.testng.remote.RemoteTestNG.initAndRun(RemoteTestNG.java:251)<br/>
					org.testng.remote.RemoteTestNG.main(RemoteTestNG.java:77)<br/>
						</div>
		</td>
	</div>
</tr>
					<tr>
	<td class="time">1709050625593</td>
	<td class="header failed" colspan="4" onClick="toggleElement('28e72858-05cd-41f9-b11d-cfca08192caf','block');changeSingleIcon('span-28e72858-05cd-41f9-b11d-cfca08192caf');" title="Click to expand/collapse" style="cursor: pointer;">
	<div style="float:left;"><i>Class&nbsp;:&nbsp;</i>package_name.Login_functionality22</div>
	<div style="float:right;">@Test @ with DataProvider : ["testing"] &nbsp;&nbsp;<span id='span-28e72858-05cd-41f9-b11d-cfca08192caf' class="glyphicon glyphicon-menu-down"></span></div>
	</td>
	</tr>
<tr>
	<td class="time">1709050625593</td>
	<td class="methodTest">
		<span class="description"><b>Method: </b>Excel</span><br>
			<span class="description"><b>Description: </b></span><br>
							<span class="duration"><b>Duration: </b>0.005s</span><br>
	</td>
	<td class="result">
					<i>Method arguments: </i><span class="arguments">"locked_out_user", "secret_sauce"</span><br>
				<div class="noCollapse" id="28e72858-05cd-41f9-b11d-cfca08192caf" style="display: block;">
						<a href="javascript:toggleElement('exception-28e72858-05cd-41f9-b11d-cfca08192caf','block')" title="Click to expand/collapse"><b>java.lang.NullPointerException: Cannot invoke &quot;org.openqa.selenium.WebDriver.get(String)&quot; because &quot;package_name.Login_functionality22.driver&quot; is null</b></a><br/>
		<div class="stackTrace" id="exception-28e72858-05cd-41f9-b11d-cfca08192caf">
					package_name.Login_functionality22.Excel(Login_functionality22.java:15)<br/>
					java.base/jdk.internal.reflect.DirectMethodHandleAccessor.invoke(DirectMethodHandleAccessor.java:104)<br/>
					java.base/java.lang.reflect.Method.invoke(Method.java:578)<br/>
					org.testng.internal.invokers.MethodInvocationHelper.invokeMethod(MethodInvocationHelper.java:139)<br/>
					org.testng.internal.invokers.TestInvoker.invokeMethod(TestInvoker.java:677)<br/>
					org.testng.internal.invokers.TestInvoker.invokeTestMethod(TestInvoker.java:221)<br/>
					org.testng.internal.invokers.MethodRunner.runInSequence(MethodRunner.java:50)<br/>
					org.testng.internal.invokers.TestInvoker$MethodInvocationAgent.invoke(TestInvoker.java:969)<br/>
					org.testng.internal.invokers.TestInvoker.invokeTestMethods(TestInvoker.java:194)<br/>
					org.testng.internal.invokers.TestMethodWorker.invokeTestMethods(TestMethodWorker.java:148)<br/>
					org.testng.internal.invokers.TestMethodWorker.run(TestMethodWorker.java:128)<br/>
					java.base/java.util.ArrayList.forEach(ArrayList.java:1511)<br/>
					org.testng.TestRunner.privateRun(TestRunner.java:829)<br/>
					org.testng.TestRunner.run(TestRunner.java:602)<br/>
					org.testng.SuiteRunner.runTest(SuiteRunner.java:437)<br/>
					org.testng.SuiteRunner.runSequentially(SuiteRunner.java:431)<br/>
					org.testng.SuiteRunner.privateRun(SuiteRunner.java:391)<br/>
					org.testng.SuiteRunner.run(SuiteRunner.java:330)<br/>
					org.testng.SuiteRunnerWorker.runSuite(SuiteRunnerWorker.java:52)<br/>
					org.testng.SuiteRunnerWorker.run(SuiteRunnerWorker.java:95)<br/>
					org.testng.TestNG.runSuitesSequentially(TestNG.java:1256)<br/>
					org.testng.TestNG.runSuitesLocally(TestNG.java:1176)<br/>
					org.testng.TestNG.runSuites(TestNG.java:1099)<br/>
					org.testng.TestNG.run(TestNG.java:1067)<br/>
					org.testng.remote.AbstractRemoteTestNG.run(AbstractRemoteTestNG.java:115)<br/>
					org.testng.remote.RemoteTestNG.initAndRun(RemoteTestNG.java:251)<br/>
					org.testng.remote.RemoteTestNG.main(RemoteTestNG.java:77)<br/>
						</div>
		</td>
	</div>
</tr>
						
				
												<tr>
			<td class="time">1709050625508</td>
			<td class="header passed" colspan="4" onClick="toggleElement('641b4010-146b-441b-b5b8-c12f197f26d0','block');changeSingleIcon('span-641b4010-146b-441b-b5b8-c12f197f26d0');" title="Click to expand/collapse" style="cursor: pointer;">
			<div style="float:left;"><i>Class&nbsp;:&nbsp;</i>package_name.Login_functionality22</div>
			<div style="float:right;">@Test @ with DataProvider : [""] &nbsp;&nbsp;<span id='span-641b4010-146b-441b-b5b8-c12f197f26d0' class="glyphicon glyphicon-menu-down"></span></div>
			</td>
			</tr>
			<tr>
	<td class="time">1709050625508</td>
	<td class="methodTest">
		<span class="description"><b>Method: </b>StartBrowser</span><br>
			<span class="description"><b>Description: </b></span><br>
							<span class="duration"><b>Duration: </b>0.026s</span><br>
	</td>
	<td class="result">
					<i>Method arguments: </i><span class="arguments">"chrome"</span><br>
				<div class="stackTrace" id="641b4010-146b-441b-b5b8-c12f197f26d0" style="display: block;">
					</td>
	</div>
</tr>
					  
	</tbody>
	</table>
</div>
</body>
</html>
